[diamondvalue] WARNING building handedness maps from player universes ...
[diamondvalue] WARNING handedness: 3233 pitchers, 3233 batters
[diamondvalue] WARNING season 2019: 2429 final games
[diamondvalue] WARNING season 2019: 250/2429 games parsed (250 fetched)
[diamondvalue] WARNING season 2019: 500/2429 games parsed (500 fetched)
[diamondvalue] WARNING season 2019: 750/2429 games parsed (750 fetched)
[diamondvalue] WARNING season 2019: 1000/2429 games parsed (1000 fetched)
[diamondvalue] WARNING season 2019: 1250/2429 games parsed (1250 fetched)
[diamondvalue] WARNING season 2019: 1500/2429 games parsed (1500 fetched)
[diamondvalue] WARNING season 2019: 1750/2429 games parsed (1750 fetched)
[diamondvalue] WARNING season 2019: 2000/2429 games parsed (2000 fetched)
[diamondvalue] WARNING season 2019: 2250/2429 games parsed (2250 fetched)
[diamondvalue] WARNING season 2019: wrote gamelogs_2019_v1.parquet (128453 rows, 2429 gamePks, 71684 played, 2429 fetched this run)
[diamondvalue] WARNING season 2020: 898 final games
[diamondvalue] WARNING season 2020: 250/898 games parsed (250 fetched)
[diamondvalue] WARNING season 2020: 500/898 games parsed (500 fetched)
[diamondvalue] WARNING season 2020: 750/898 games parsed (750 fetched)
[diamondvalue] WARNING season 2020: wrote gamelogs_2020_v1.parquet (50827 rows, 898 gamePks, 26721 played, 898 fetched this run)
[diamondvalue] WARNING season 2021: 2429 final games
[diamondvalue] WARNING season 2021: 250/2429 games parsed (250 fetched)
[diamondvalue] WARNING season 2021: 500/2429 games parsed (500 fetched)
[diamondvalue] WARNING season 2021: 750/2429 games parsed (750 fetched)
[diamondvalue] WARNING season 2021: 1000/2429 games parsed (1000 fetched)
[diamondvalue] WARNING season 2021: 1250/2429 games parsed (1250 fetched)
[diamondvalue] WARNING season 2021: 1500/2429 games parsed (1500 fetched)
[diamondvalue] WARNING season 2021: 1750/2429 games parsed (1750 fetched)
[diamondvalue] WARNING season 2021: 2000/2429 games parsed (2000 fetched)
[diamondvalue] WARNING season 2021: 2250/2429 games parsed (2250 fetched)
[diamondvalue] WARNING season 2021: wrote gamelogs_2021_v1.parquet (127261 rows, 2429 gamePks, 71621 played, 2429 fetched this run)
[diamondvalue] WARNING season 2022: 2430 final games
[diamondvalue] WARNING season 2022: 250/2430 games parsed (250 fetched)
[diamondvalue] WARNING season 2022: 500/2430 games parsed (500 fetched)
[diamondvalue] WARNING season 2022: 750/2430 games parsed (750 fetched)
[diamondvalue] WARNING season 2022: 1000/2430 games parsed (1000 fetched)
[diamondvalue] WARNING season 2022: 1250/2430 games parsed (1250 fetched)
[diamondvalue] WARNING season 2022: 1500/2430 games parsed (1500 fetched)
[diamondvalue] WARNING season 2022: 1750/2430 games parsed (1750 fetched)
[diamondvalue] WARNING season 2022: 2000/2430 games parsed (2000 fetched)
[diamondvalue] WARNING season 2022: 2250/2430 games parsed (2250 fetched)
[diamondvalue] WARNING season 2022: wrote gamelogs_2022_v1.parquet (128901 rows, 2430 gamePks, 70911 played, 2430 fetched this run)
[diamondvalue] WARNING season 2023: 2430 final games
[diamondvalue] WARNING season 2023: 250/2430 games parsed (250 fetched)
[diamondvalue] WARNING season 2023: 500/2430 games parsed (500 fetched)
[diamondvalue] WARNING season 2023: 750/2430 games parsed (750 fetched)
[diamondvalue] WARNING season 2023: 1000/2430 games parsed (1000 fetched)
[diamondvalue] WARNING season 2023: 1250/2430 games parsed (1250 fetched)
[diamondvalue] WARNING season 2023: 1500/2430 games parsed (1500 fetched)
[diamondvalue] WARNING season 2023: 1750/2430 games parsed (1750 fetched)
[diamondvalue] WARNING season 2023: 2000/2430 games parsed (2000 fetched)
[diamondvalue] WARNING season 2023: 2250/2430 games parsed (2250 fetched)
[diamondvalue] WARNING season 2023: wrote gamelogs_2023_v1.parquet (127033 rows, 2430 gamePks, 71144 played, 2430 fetched this run)
[diamondvalue] WARNING season 2024: 2429 final games
[diamondvalue] WARNING season 2024: 250/2429 games parsed (250 fetched)
[diamondvalue] WARNING season 2024: 500/2429 games parsed (500 fetched)
[diamondvalue] WARNING season 2024: 750/2429 games parsed (750 fetched)
[diamondvalue] WARNING season 2024: 1000/2429 games parsed (1000 fetched)
[diamondvalue] WARNING season 2024: 1250/2429 games parsed (1250 fetched)
[diamondvalue] WARNING season 2024: 1500/2429 games parsed (1500 fetched)
[diamondvalue] WARNING season 2024: 1750/2429 games parsed (1742 fetched)
[diamondvalue] WARNING season 2024: 2000/2429 games parsed (1992 fetched)
[diamondvalue] WARNING season 2024: 2250/2429 games parsed (2242 fetched)
[diamondvalue] WARNING season 2024: wrote gamelogs_2024_v1.parquet (127639 rows, 2429 gamePks, 71272 played, 2421 fetched this run)
[diamondvalue] WARNING season 2025: 2430 final games
[diamondvalue] WARNING season 2025: 250/2430 games parsed (250 fetched)
[diamondvalue] WARNING season 2025: 500/2430 games parsed (500 fetched)
[diamondvalue] WARNING season 2025: 750/2430 games parsed (750 fetched)
[diamondvalue] WARNING season 2025: 1000/2430 games parsed (1000 fetched)
[diamondvalue] WARNING season 2025: 1250/2430 games parsed (1250 fetched)
[diamondvalue] WARNING season 2025: 1500/2430 games parsed (1499 fetched)
[diamondvalue] WARNING season 2025: 1750/2430 games parsed (1749 fetched)
[diamondvalue] WARNING season 2025: 2000/2430 games parsed (1999 fetched)
[diamondvalue] WARNING season 2025: 2250/2430 games parsed (2249 fetched)
[diamondvalue] WARNING season 2025: wrote gamelogs_2025_v1.parquet (127665 rows, 2430 gamePks, 71550 played, 2429 fetched this run)
